<?xml version="1.0" encoding="UTF-8"?>
<!-- Generated by org.testng.reporters.JUnitReportReporter -->
<testsuite hostname="SanDon" failures="0" tests="1" name="seleniumtest.test" time="0.019" errors="0" timestamp="2025-09-22T11:19:08 IST" skipped="0">
  <testcase classname="seleniumtest.test" name="sampleTest" time="0.019"/>
</testsuite> <!-- seleniumtest.test -->
