<?xml version="1.0" encoding="UTF-8"?>
<!-- Generated by org.testng.reporters.JUnitReportReporter -->
<testsuite hostname="SanDon" failures="0" tests="1" name="seleniumtest.test" time="0.047" errors="0" timestamp="2025-09-22T11:01:45 IST" skipped="0">
  <testcase classname="seleniumtest.test" name="testAdd" time="0.047"/>
</testsuite> <!-- seleniumtest.test -->
